2018-01-29 21:30:55,953 DEBUG [Forwarding newSession on session null to remote] RequestAddCookies:123 - CookieSpec selected: default
2018-01-29 21:30:55,964 DEBUG [Forwarding newSession on session null to remote] RequestAuthCache:77 - Auth cache not set in the context
2018-01-29 21:30:55,965 DEBUG [Forwarding newSession on session null to remote] PoolingHttpClientConnectionManager:255 - Connection request: [route: {}->http://localhost:44144][total kept alive: 0; route allocated: 0 of 2000; total allocated: 0 of 2000]
2018-01-29 21:30:55,978 DEBUG [Forwarding newSession on session null to remote] PoolingHttpClientConnectionManager:288 - Connection leased: [id: 0][route: {}->http://localhost:44144][total kept alive: 0; route allocated: 1 of 2000; total allocated: 1 of 2000]
2018-01-29 21:30:55,979 DEBUG [Forwarding newSession on session null to remote] MainClientExec:235 - Opening connection {}->http://localhost:44144
2018-01-29 21:30:55,980 DEBUG [Forwarding newSession on session null to remote] DefaultHttpClientConnectionOperator:139 - Connecting to localhost/127.0.0.1:44144
2018-01-29 21:30:55,981 DEBUG [Forwarding newSession on session null to remote] DefaultHttpClientConnectionOperator:146 - Connection established 127.0.0.1:50842<->127.0.0.1:44144
2018-01-29 21:30:55,982 DEBUG [Forwarding newSession on session null to remote] DefaultManagedHttpClientConnection:88 - http-outgoing-0: set socket timeout to 10800000
2018-01-29 21:30:55,982 DEBUG [Forwarding newSession on session null to remote] MainClientExec:256 - Executing request POST /session HTTP/1.1
2018-01-29 21:30:55,982 DEBUG [Forwarding newSession on session null to remote] MainClientExec:261 - Target auth state: UNCHALLENGED
2018-01-29 21:30:55,983 DEBUG [Forwarding newSession on session null to remote] MainClientExec:267 - Proxy auth state: UNCHALLENGED
2018-01-29 21:30:55,984 DEBUG [Forwarding newSession on session null to remote] headers:133 - http-outgoing-0 >> POST /session HTTP/1.1
2018-01-29 21:30:55,984 DEBUG [Forwarding newSession on session null to remote] headers:136 - http-outgoing-0 >> Content-Type: application/json; charset=utf-8
2018-01-29 21:30:55,984 DEBUG [Forwarding newSession on session null to remote] headers:136 - http-outgoing-0 >> Content-Length: 335
2018-01-29 21:30:55,985 DEBUG [Forwarding newSession on session null to remote] headers:136 - http-outgoing-0 >> Host: localhost:44144
2018-01-29 21:30:55,985 DEBUG [Forwarding newSession on session null to remote] headers:136 - http-outgoing-0 >> Connection: Keep-Alive
2018-01-29 21:30:55,986 DEBUG [Forwarding newSession on session null to remote] headers:136 - http-outgoing-0 >> User-Agent: Apache-HttpClient/4.5.3 (Java/1.8.0_131)
2018-01-29 21:30:55,986 DEBUG [Forwarding newSession on session null to remote] headers:136 - http-outgoing-0 >> Accept-Encoding: gzip,deflate
2018-01-29 21:30:55,986 DEBUG [Forwarding newSession on session null to remote] wire:73 - http-outgoing-0 >> "POST /session HTTP/1.1[\r][\n]"
2018-01-29 21:30:55,986 DEBUG [Forwarding newSession on session null to remote] wire:73 - http-outgoing-0 >> "Content-Type: application/json; charset=utf-8[\r][\n]"
2018-01-29 21:30:55,987 DEBUG [Forwarding newSession on session null to remote] wire:73 - http-outgoing-0 >> "Content-Length: 335[\r][\n]"
2018-01-29 21:30:55,987 DEBUG [Forwarding newSession on session null to remote] wire:73 - http-outgoing-0 >> "Host: localhost:44144[\r][\n]"
2018-01-29 21:30:55,987 DEBUG [Forwarding newSession on session null to remote] wire:73 - http-outgoing-0 >> "Connection: Keep-Alive[\r][\n]"
2018-01-29 21:30:55,987 DEBUG [Forwarding newSession on session null to remote] wire:73 - http-outgoing-0 >> "User-Agent: Apache-HttpClient/4.5.3 (Java/1.8.0_131)[\r][\n]"
2018-01-29 21:30:55,987 DEBUG [Forwarding newSession on session null to remote] wire:73 - http-outgoing-0 >> "Accept-Encoding: gzip,deflate[\r][\n]"
2018-01-29 21:30:55,988 DEBUG [Forwarding newSession on session null to remote] wire:73 - http-outgoing-0 >> "[\r][\n]"
2018-01-29 21:30:55,988 DEBUG [Forwarding newSession on session null to remote] wire:73 - http-outgoing-0 >> "{[\n]"
2018-01-29 21:30:55,988 DEBUG [Forwarding newSession on session null to remote] wire:73 - http-outgoing-0 >> "  "desiredCapabilities": {"browserName":"chrome","goog:chromeOptions":{"args":[],"extensions":[]}},[\n]"
2018-01-29 21:30:55,988 DEBUG [Forwarding newSession on session null to remote] wire:73 - http-outgoing-0 >> "  "capabilities": {[\n]"
2018-01-29 21:30:55,988 DEBUG [Forwarding newSession on session null to remote] wire:73 - http-outgoing-0 >> "    "desiredCapabilities": {"browserName":"chrome","goog:chromeOptions":{"args":[],"extensions":[]}},[\n]"
2018-01-29 21:30:55,988 DEBUG [Forwarding newSession on session null to remote] wire:73 - http-outgoing-0 >> "    "firstMatch": [[\n]"
2018-01-29 21:30:55,989 DEBUG [Forwarding newSession on session null to remote] wire:73 - http-outgoing-0 >> "      {"browserName":"chrome","goog:chromeOptions":{"args":[],"extensions":[]}}[\n]"
2018-01-29 21:30:55,989 DEBUG [Forwarding newSession on session null to remote] wire:73 - http-outgoing-0 >> "    ][\n]"
2018-01-29 21:30:55,989 DEBUG [Forwarding newSession on session null to remote] wire:73 - http-outgoing-0 >> "  }[\n]"
2018-01-29 21:30:55,989 DEBUG [Forwarding newSession on session null to remote] wire:87 - http-outgoing-0 >> "}"
2018-01-29 21:30:56,583 DEBUG [Forwarding newSession on session null to remote] wire:73 - http-outgoing-0 << "HTTP/1.1 200 OK[\r][\n]"
2018-01-29 21:30:56,584 DEBUG [Forwarding newSession on session null to remote] wire:73 - http-outgoing-0 << "Content-Length:794[\r][\n]"
2018-01-29 21:30:56,584 DEBUG [Forwarding newSession on session null to remote] wire:73 - http-outgoing-0 << "Content-Type:application/json; charset=utf-8[\r][\n]"
2018-01-29 21:30:56,584 DEBUG [Forwarding newSession on session null to remote] wire:73 - http-outgoing-0 << "Connection:close[\r][\n]"
2018-01-29 21:30:56,585 DEBUG [Forwarding newSession on session null to remote] wire:73 - http-outgoing-0 << "[\r][\n]"
2018-01-29 21:30:56,585 DEBUG [Forwarding newSession on session null to remote] wire:87 - http-outgoing-0 << "{"sessionId":"5229649e69032a725e016c064c347d59","status":0,"value":{"acceptSslCerts":true,"applicationCacheEnabled":false,"browserConnectionEnabled":false,"browserName":"chrome","chrome":{"chromedriverVersion":"2.26.436421 (6c1a3ab469ad86fd49c8d97ede4a6b96a49ca5f6)","userDataDir":"/var/folders/np/61dbzy9x4vz7n8t8yvcn0b0w0000gn/T/.org.chromium.Chromium.69jGcw"},"cssSelectorsEnabled":true,"databaseEnabled":false,"handlesAlerts":true,"hasTouchScreen":false,"javascriptEnabled":true,"locationContextEnabled":true,"mobileEmulationEnabled":false,"nativeEvents":true,"networkConnectionEnabled":false,"pageLoadStrategy":"normal","platform":"Mac OS X","rotatable":false,"takesHeapSnapshot":true,"takesScreenshot":true,"unexpectedAlertBehaviour":"","version":"55.0.2883.75","webStorageEnabled":true}}"
2018-01-29 21:30:56,587 DEBUG [Forwarding newSession on session null to remote] headers:122 - http-outgoing-0 << HTTP/1.1 200 OK
2018-01-29 21:30:56,587 DEBUG [Forwarding newSession on session null to remote] headers:125 - http-outgoing-0 << Content-Length:794
2018-01-29 21:30:56,587 DEBUG [Forwarding newSession on session null to remote] headers:125 - http-outgoing-0 << Content-Type:application/json; charset=utf-8
2018-01-29 21:30:56,588 DEBUG [Forwarding newSession on session null to remote] headers:125 - http-outgoing-0 << Connection:close
2018-01-29 21:30:56,592 DEBUG [Forwarding newSession on session null to remote] DefaultManagedHttpClientConnection:79 - http-outgoing-0: Close connection
2018-01-29 21:30:56,593 DEBUG [Forwarding newSession on session null to remote] MainClientExec:104 - Connection discarded
2018-01-29 21:30:56,594 DEBUG [Forwarding newSession on session null to remote] PoolingHttpClientConnectionManager:326 - Connection released: [id: 0][route: {}->http://localhost:44144][total kept alive: 0; route allocated: 0 of 2000; total allocated: 0 of 2000]
2018-01-29 21:30:56,627 DEBUG [Forwarding maximizeCurrentWindow on session 5229649e69032a725e016c064c347d59 to remote] RequestAddCookies:123 - CookieSpec selected: default
2018-01-29 21:30:56,627 DEBUG [Forwarding maximizeCurrentWindow on session 5229649e69032a725e016c064c347d59 to remote] RequestAuthCache:77 - Auth cache not set in the context
2018-01-29 21:30:56,627 DEBUG [Forwarding maximizeCurrentWindow on session 5229649e69032a725e016c064c347d59 to remote] PoolingHttpClientConnectionManager:255 - Connection request: [route: {}->http://localhost:44144][total kept alive: 0; route allocated: 0 of 2000; total allocated: 0 of 2000]
2018-01-29 21:30:56,628 DEBUG [Forwarding maximizeCurrentWindow on session 5229649e69032a725e016c064c347d59 to remote] PoolingHttpClientConnectionManager:288 - Connection leased: [id: 1][route: {}->http://localhost:44144][total kept alive: 0; route allocated: 1 of 2000; total allocated: 1 of 2000]
2018-01-29 21:30:56,628 DEBUG [Forwarding maximizeCurrentWindow on session 5229649e69032a725e016c064c347d59 to remote] MainClientExec:235 - Opening connection {}->http://localhost:44144
2018-01-29 21:30:56,628 DEBUG [Forwarding maximizeCurrentWindow on session 5229649e69032a725e016c064c347d59 to remote] DefaultHttpClientConnectionOperator:139 - Connecting to localhost/127.0.0.1:44144
2018-01-29 21:30:56,629 DEBUG [Forwarding maximizeCurrentWindow on session 5229649e69032a725e016c064c347d59 to remote] DefaultHttpClientConnectionOperator:146 - Connection established 127.0.0.1:50857<->127.0.0.1:44144
2018-01-29 21:30:56,629 DEBUG [Forwarding maximizeCurrentWindow on session 5229649e69032a725e016c064c347d59 to remote] DefaultManagedHttpClientConnection:88 - http-outgoing-1: set socket timeout to 10800000
2018-01-29 21:30:56,629 DEBUG [Forwarding maximizeCurrentWindow on session 5229649e69032a725e016c064c347d59 to remote] MainClientExec:256 - Executing request POST /session/5229649e69032a725e016c064c347d59/window/current/maximize HTTP/1.1
2018-01-29 21:30:56,629 DEBUG [Forwarding maximizeCurrentWindow on session 5229649e69032a725e016c064c347d59 to remote] MainClientExec:261 - Target auth state: UNCHALLENGED
2018-01-29 21:30:56,629 DEBUG [Forwarding maximizeCurrentWindow on session 5229649e69032a725e016c064c347d59 to remote] MainClientExec:267 - Proxy auth state: UNCHALLENGED
2018-01-29 21:30:56,629 DEBUG [Forwarding maximizeCurrentWindow on session 5229649e69032a725e016c064c347d59 to remote] headers:133 - http-outgoing-1 >> POST /session/5229649e69032a725e016c064c347d59/window/current/maximize HTTP/1.1
2018-01-29 21:30:56,630 DEBUG [Forwarding maximizeCurrentWindow on session 5229649e69032a725e016c064c347d59 to remote] headers:136 - http-outgoing-1 >> Content-Type: application/json; charset=utf-8
2018-01-29 21:30:56,630 DEBUG [Forwarding maximizeCurrentWindow on session 5229649e69032a725e016c064c347d59 to remote] headers:136 - http-outgoing-1 >> Content-Length: 45
2018-01-29 21:30:56,630 DEBUG [Forwarding maximizeCurrentWindow on session 5229649e69032a725e016c064c347d59 to remote] headers:136 - http-outgoing-1 >> Host: localhost:44144
2018-01-29 21:30:56,630 DEBUG [Forwarding maximizeCurrentWindow on session 5229649e69032a725e016c064c347d59 to remote] headers:136 - http-outgoing-1 >> Connection: Keep-Alive
2018-01-29 21:30:56,630 DEBUG [Forwarding maximizeCurrentWindow on session 5229649e69032a725e016c064c347d59 to remote] headers:136 - http-outgoing-1 >> User-Agent: Apache-HttpClient/4.5.3 (Java/1.8.0_131)
2018-01-29 21:30:56,630 DEBUG [Forwarding maximizeCurrentWindow on session 5229649e69032a725e016c064c347d59 to remote] headers:136 - http-outgoing-1 >> Accept-Encoding: gzip,deflate
2018-01-29 21:30:56,631 DEBUG [Forwarding maximizeCurrentWindow on session 5229649e69032a725e016c064c347d59 to remote] wire:73 - http-outgoing-1 >> "POST /session/5229649e69032a725e016c064c347d59/window/current/maximize HTTP/1.1[\r][\n]"
2018-01-29 21:30:56,631 DEBUG [Forwarding maximizeCurrentWindow on session 5229649e69032a725e016c064c347d59 to remote] wire:73 - http-outgoing-1 >> "Content-Type: application/json; charset=utf-8[\r][\n]"
2018-01-29 21:30:56,631 DEBUG [Forwarding maximizeCurrentWindow on session 5229649e69032a725e016c064c347d59 to remote] wire:73 - http-outgoing-1 >> "Content-Length: 45[\r][\n]"
2018-01-29 21:30:56,631 DEBUG [Forwarding maximizeCurrentWindow on session 5229649e69032a725e016c064c347d59 to remote] wire:73 - http-outgoing-1 >> "Host: localhost:44144[\r][\n]"
2018-01-29 21:30:56,631 DEBUG [Forwarding maximizeCurrentWindow on session 5229649e69032a725e016c064c347d59 to remote] wire:73 - http-outgoing-1 >> "Connection: Keep-Alive[\r][\n]"
2018-01-29 21:30:56,631 DEBUG [Forwarding maximizeCurrentWindow on session 5229649e69032a725e016c064c347d59 to remote] wire:73 - http-outgoing-1 >> "User-Agent: Apache-HttpClient/4.5.3 (Java/1.8.0_131)[\r][\n]"
2018-01-29 21:30:56,631 DEBUG [Forwarding maximizeCurrentWindow on session 5229649e69032a725e016c064c347d59 to remote] wire:73 - http-outgoing-1 >> "Accept-Encoding: gzip,deflate[\r][\n]"
2018-01-29 21:30:56,632 DEBUG [Forwarding maximizeCurrentWindow on session 5229649e69032a725e016c064c347d59 to remote] wire:73 - http-outgoing-1 >> "[\r][\n]"
2018-01-29 21:30:56,632 DEBUG [Forwarding maximizeCurrentWindow on session 5229649e69032a725e016c064c347d59 to remote] wire:87 - http-outgoing-1 >> "{"windowHandle":"current","handle":"current"}"
2018-01-29 21:30:57,157 DEBUG [Forwarding maximizeCurrentWindow on session 5229649e69032a725e016c064c347d59 to remote] wire:73 - http-outgoing-1 << "HTTP/1.1 200 OK[\r][\n]"
2018-01-29 21:30:57,158 DEBUG [Forwarding maximizeCurrentWindow on session 5229649e69032a725e016c064c347d59 to remote] wire:73 - http-outgoing-1 << "Content-Length:72[\r][\n]"
2018-01-29 21:30:57,158 DEBUG [Forwarding maximizeCurrentWindow on session 5229649e69032a725e016c064c347d59 to remote] wire:73 - http-outgoing-1 << "Content-Type:application/json; charset=utf-8[\r][\n]"
2018-01-29 21:30:57,158 DEBUG [Forwarding maximizeCurrentWindow on session 5229649e69032a725e016c064c347d59 to remote] wire:73 - http-outgoing-1 << "Connection:close[\r][\n]"
2018-01-29 21:30:57,158 DEBUG [Forwarding maximizeCurrentWindow on session 5229649e69032a725e016c064c347d59 to remote] wire:73 - http-outgoing-1 << "[\r][\n]"
2018-01-29 21:30:57,159 DEBUG [Forwarding maximizeCurrentWindow on session 5229649e69032a725e016c064c347d59 to remote] wire:87 - http-outgoing-1 << "{"sessionId":"5229649e69032a725e016c064c347d59","status":0,"value":null}"
2018-01-29 21:30:57,159 DEBUG [Forwarding maximizeCurrentWindow on session 5229649e69032a725e016c064c347d59 to remote] headers:122 - http-outgoing-1 << HTTP/1.1 200 OK
2018-01-29 21:30:57,159 DEBUG [Forwarding maximizeCurrentWindow on session 5229649e69032a725e016c064c347d59 to remote] headers:125 - http-outgoing-1 << Content-Length:72
2018-01-29 21:30:57,159 DEBUG [Forwarding maximizeCurrentWindow on session 5229649e69032a725e016c064c347d59 to remote] headers:125 - http-outgoing-1 << Content-Type:application/json; charset=utf-8
2018-01-29 21:30:57,159 DEBUG [Forwarding maximizeCurrentWindow on session 5229649e69032a725e016c064c347d59 to remote] headers:125 - http-outgoing-1 << Connection:close
2018-01-29 21:30:57,160 DEBUG [Forwarding maximizeCurrentWindow on session 5229649e69032a725e016c064c347d59 to remote] DefaultManagedHttpClientConnection:79 - http-outgoing-1: Close connection
2018-01-29 21:30:57,160 DEBUG [Forwarding maximizeCurrentWindow on session 5229649e69032a725e016c064c347d59 to remote] MainClientExec:104 - Connection discarded
2018-01-29 21:30:57,160 DEBUG [Forwarding maximizeCurrentWindow on session 5229649e69032a725e016c064c347d59 to remote] PoolingHttpClientConnectionManager:326 - Connection released: [id: 1][route: {}->http://localhost:44144][total kept alive: 0; route allocated: 0 of 2000; total allocated: 0 of 2000]
2018-01-29 21:30:57,163 DEBUG [Forwarding deleteAllCookies on session 5229649e69032a725e016c064c347d59 to remote] RequestAddCookies:123 - CookieSpec selected: default
2018-01-29 21:30:57,163 DEBUG [Forwarding deleteAllCookies on session 5229649e69032a725e016c064c347d59 to remote] RequestAuthCache:77 - Auth cache not set in the context
2018-01-29 21:30:57,163 DEBUG [Forwarding deleteAllCookies on session 5229649e69032a725e016c064c347d59 to remote] PoolingHttpClientConnectionManager:255 - Connection request: [route: {}->http://localhost:44144][total kept alive: 0; route allocated: 0 of 2000; total allocated: 0 of 2000]
2018-01-29 21:30:57,164 DEBUG [Forwarding deleteAllCookies on session 5229649e69032a725e016c064c347d59 to remote] PoolingHttpClientConnectionManager:288 - Connection leased: [id: 2][route: {}->http://localhost:44144][total kept alive: 0; route allocated: 1 of 2000; total allocated: 1 of 2000]
2018-01-29 21:30:57,164 DEBUG [Forwarding deleteAllCookies on session 5229649e69032a725e016c064c347d59 to remote] MainClientExec:235 - Opening connection {}->http://localhost:44144
2018-01-29 21:30:57,164 DEBUG [Forwarding deleteAllCookies on session 5229649e69032a725e016c064c347d59 to remote] DefaultHttpClientConnectionOperator:139 - Connecting to localhost/127.0.0.1:44144
2018-01-29 21:30:57,165 DEBUG [Forwarding deleteAllCookies on session 5229649e69032a725e016c064c347d59 to remote] DefaultHttpClientConnectionOperator:146 - Connection established 127.0.0.1:50862<->127.0.0.1:44144
2018-01-29 21:30:57,165 DEBUG [Forwarding deleteAllCookies on session 5229649e69032a725e016c064c347d59 to remote] DefaultManagedHttpClientConnection:88 - http-outgoing-2: set socket timeout to 10800000
2018-01-29 21:30:57,165 DEBUG [Forwarding deleteAllCookies on session 5229649e69032a725e016c064c347d59 to remote] MainClientExec:256 - Executing request DELETE /session/5229649e69032a725e016c064c347d59/cookie HTTP/1.1
2018-01-29 21:30:57,165 DEBUG [Forwarding deleteAllCookies on session 5229649e69032a725e016c064c347d59 to remote] MainClientExec:261 - Target auth state: UNCHALLENGED
2018-01-29 21:30:57,165 DEBUG [Forwarding deleteAllCookies on session 5229649e69032a725e016c064c347d59 to remote] MainClientExec:267 - Proxy auth state: UNCHALLENGED
2018-01-29 21:30:57,165 DEBUG [Forwarding deleteAllCookies on session 5229649e69032a725e016c064c347d59 to remote] headers:133 - http-outgoing-2 >> DELETE /session/5229649e69032a725e016c064c347d59/cookie HTTP/1.1
2018-01-29 21:30:57,166 DEBUG [Forwarding deleteAllCookies on session 5229649e69032a725e016c064c347d59 to remote] headers:136 - http-outgoing-2 >> Host: localhost:44144
2018-01-29 21:30:57,166 DEBUG [Forwarding deleteAllCookies on session 5229649e69032a725e016c064c347d59 to remote] headers:136 - http-outgoing-2 >> Connection: Keep-Alive
2018-01-29 21:30:57,166 DEBUG [Forwarding deleteAllCookies on session 5229649e69032a725e016c064c347d59 to remote] headers:136 - http-outgoing-2 >> User-Agent: Apache-HttpClient/4.5.3 (Java/1.8.0_131)
2018-01-29 21:30:57,166 DEBUG [Forwarding deleteAllCookies on session 5229649e69032a725e016c064c347d59 to remote] headers:136 - http-outgoing-2 >> Accept-Encoding: gzip,deflate
2018-01-29 21:30:57,166 DEBUG [Forwarding deleteAllCookies on session 5229649e69032a725e016c064c347d59 to remote] wire:73 - http-outgoing-2 >> "DELETE /session/5229649e69032a725e016c064c347d59/cookie HTTP/1.1[\r][\n]"
2018-01-29 21:30:57,166 DEBUG [Forwarding deleteAllCookies on session 5229649e69032a725e016c064c347d59 to remote] wire:73 - http-outgoing-2 >> "Host: localhost:44144[\r][\n]"
2018-01-29 21:30:57,167 DEBUG [Forwarding deleteAllCookies on session 5229649e69032a725e016c064c347d59 to remote] wire:73 - http-outgoing-2 >> "Connection: Keep-Alive[\r][\n]"
2018-01-29 21:30:57,167 DEBUG [Forwarding deleteAllCookies on session 5229649e69032a725e016c064c347d59 to remote] wire:73 - http-outgoing-2 >> "User-Agent: Apache-HttpClient/4.5.3 (Java/1.8.0_131)[\r][\n]"
2018-01-29 21:30:57,167 DEBUG [Forwarding deleteAllCookies on session 5229649e69032a725e016c064c347d59 to remote] wire:73 - http-outgoing-2 >> "Accept-Encoding: gzip,deflate[\r][\n]"
2018-01-29 21:30:57,167 DEBUG [Forwarding deleteAllCookies on session 5229649e69032a725e016c064c347d59 to remote] wire:73 - http-outgoing-2 >> "[\r][\n]"
2018-01-29 21:30:57,174 DEBUG [Forwarding deleteAllCookies on session 5229649e69032a725e016c064c347d59 to remote] wire:73 - http-outgoing-2 << "HTTP/1.1 200 OK[\r][\n]"
2018-01-29 21:30:57,174 DEBUG [Forwarding deleteAllCookies on session 5229649e69032a725e016c064c347d59 to remote] wire:73 - http-outgoing-2 << "Content-Length:72[\r][\n]"
2018-01-29 21:30:57,175 DEBUG [Forwarding deleteAllCookies on session 5229649e69032a725e016c064c347d59 to remote] wire:73 - http-outgoing-2 << "Content-Type:application/json; charset=utf-8[\r][\n]"
2018-01-29 21:30:57,175 DEBUG [Forwarding deleteAllCookies on session 5229649e69032a725e016c064c347d59 to remote] wire:73 - http-outgoing-2 << "Connection:close[\r][\n]"
2018-01-29 21:30:57,175 DEBUG [Forwarding deleteAllCookies on session 5229649e69032a725e016c064c347d59 to remote] wire:73 - http-outgoing-2 << "[\r][\n]"
2018-01-29 21:30:57,175 DEBUG [Forwarding deleteAllCookies on session 5229649e69032a725e016c064c347d59 to remote] wire:87 - http-outgoing-2 << "{"sessionId":"5229649e69032a725e016c064c347d59","status":0,"value":null}"
2018-01-29 21:30:57,175 DEBUG [Forwarding deleteAllCookies on session 5229649e69032a725e016c064c347d59 to remote] headers:122 - http-outgoing-2 << HTTP/1.1 200 OK
2018-01-29 21:30:57,175 DEBUG [Forwarding deleteAllCookies on session 5229649e69032a725e016c064c347d59 to remote] headers:125 - http-outgoing-2 << Content-Length:72
2018-01-29 21:30:57,175 DEBUG [Forwarding deleteAllCookies on session 5229649e69032a725e016c064c347d59 to remote] headers:125 - http-outgoing-2 << Content-Type:application/json; charset=utf-8
2018-01-29 21:30:57,176 DEBUG [Forwarding deleteAllCookies on session 5229649e69032a725e016c064c347d59 to remote] headers:125 - http-outgoing-2 << Connection:close
2018-01-29 21:30:57,176 DEBUG [Forwarding deleteAllCookies on session 5229649e69032a725e016c064c347d59 to remote] DefaultManagedHttpClientConnection:79 - http-outgoing-2: Close connection
2018-01-29 21:30:57,176 DEBUG [Forwarding deleteAllCookies on session 5229649e69032a725e016c064c347d59 to remote] MainClientExec:104 - Connection discarded
2018-01-29 21:30:57,176 DEBUG [Forwarding deleteAllCookies on session 5229649e69032a725e016c064c347d59 to remote] PoolingHttpClientConnectionManager:326 - Connection released: [id: 2][route: {}->http://localhost:44144][total kept alive: 0; route allocated: 0 of 2000; total allocated: 0 of 2000]
2018-01-29 21:30:57,178 DEBUG [Forwarding setTimeout on session 5229649e69032a725e016c064c347d59 to remote] RequestAddCookies:123 - CookieSpec selected: default
2018-01-29 21:30:57,178 DEBUG [Forwarding setTimeout on session 5229649e69032a725e016c064c347d59 to remote] RequestAuthCache:77 - Auth cache not set in the context
2018-01-29 21:30:57,178 DEBUG [Forwarding setTimeout on session 5229649e69032a725e016c064c347d59 to remote] PoolingHttpClientConnectionManager:255 - Connection request: [route: {}->http://localhost:44144][total kept alive: 0; route allocated: 0 of 2000; total allocated: 0 of 2000]
2018-01-29 21:30:57,179 DEBUG [Forwarding setTimeout on session 5229649e69032a725e016c064c347d59 to remote] PoolingHttpClientConnectionManager:288 - Connection leased: [id: 3][route: {}->http://localhost:44144][total kept alive: 0; route allocated: 1 of 2000; total allocated: 1 of 2000]
2018-01-29 21:30:57,179 DEBUG [Forwarding setTimeout on session 5229649e69032a725e016c064c347d59 to remote] MainClientExec:235 - Opening connection {}->http://localhost:44144
2018-01-29 21:30:57,179 DEBUG [Forwarding setTimeout on session 5229649e69032a725e016c064c347d59 to remote] DefaultHttpClientConnectionOperator:139 - Connecting to localhost/127.0.0.1:44144
2018-01-29 21:30:57,179 DEBUG [Forwarding setTimeout on session 5229649e69032a725e016c064c347d59 to remote] DefaultHttpClientConnectionOperator:146 - Connection established 127.0.0.1:50863<->127.0.0.1:44144
2018-01-29 21:30:57,180 DEBUG [Forwarding setTimeout on session 5229649e69032a725e016c064c347d59 to remote] DefaultManagedHttpClientConnection:88 - http-outgoing-3: set socket timeout to 10800000
2018-01-29 21:30:57,180 DEBUG [Forwarding setTimeout on session 5229649e69032a725e016c064c347d59 to remote] MainClientExec:256 - Executing request POST /session/5229649e69032a725e016c064c347d59/timeouts HTTP/1.1
2018-01-29 21:30:57,180 DEBUG [Forwarding setTimeout on session 5229649e69032a725e016c064c347d59 to remote] MainClientExec:261 - Target auth state: UNCHALLENGED
2018-01-29 21:30:57,180 DEBUG [Forwarding setTimeout on session 5229649e69032a725e016c064c347d59 to remote] MainClientExec:267 - Proxy auth state: UNCHALLENGED
2018-01-29 21:30:57,180 DEBUG [Forwarding setTimeout on session 5229649e69032a725e016c064c347d59 to remote] headers:133 - http-outgoing-3 >> POST /session/5229649e69032a725e016c064c347d59/timeouts HTTP/1.1
2018-01-29 21:30:57,180 DEBUG [Forwarding setTimeout on session 5229649e69032a725e016c064c347d59 to remote] headers:136 - http-outgoing-3 >> Content-Type: application/json; charset=utf-8
2018-01-29 21:30:57,180 DEBUG [Forwarding setTimeout on session 5229649e69032a725e016c064c347d59 to remote] headers:136 - http-outgoing-3 >> Content-Length: 31
2018-01-29 21:30:57,181 DEBUG [Forwarding setTimeout on session 5229649e69032a725e016c064c347d59 to remote] headers:136 - http-outgoing-3 >> Host: localhost:44144
2018-01-29 21:30:57,181 DEBUG [Forwarding setTimeout on session 5229649e69032a725e016c064c347d59 to remote] headers:136 - http-outgoing-3 >> Connection: Keep-Alive
2018-01-29 21:30:57,181 DEBUG [Forwarding setTimeout on session 5229649e69032a725e016c064c347d59 to remote] headers:136 - http-outgoing-3 >> User-Agent: Apache-HttpClient/4.5.3 (Java/1.8.0_131)
2018-01-29 21:30:57,181 DEBUG [Forwarding setTimeout on session 5229649e69032a725e016c064c347d59 to remote] headers:136 - http-outgoing-3 >> Accept-Encoding: gzip,deflate
2018-01-29 21:30:57,181 DEBUG [Forwarding setTimeout on session 5229649e69032a725e016c064c347d59 to remote] wire:73 - http-outgoing-3 >> "POST /session/5229649e69032a725e016c064c347d59/timeouts HTTP/1.1[\r][\n]"
2018-01-29 21:30:57,181 DEBUG [Forwarding setTimeout on session 5229649e69032a725e016c064c347d59 to remote] wire:73 - http-outgoing-3 >> "Content-Type: application/json; charset=utf-8[\r][\n]"
2018-01-29 21:30:57,181 DEBUG [Forwarding setTimeout on session 5229649e69032a725e016c064c347d59 to remote] wire:73 - http-outgoing-3 >> "Content-Length: 31[\r][\n]"
2018-01-29 21:30:57,181 DEBUG [Forwarding setTimeout on session 5229649e69032a725e016c064c347d59 to remote] wire:73 - http-outgoing-3 >> "Host: localhost:44144[\r][\n]"
2018-01-29 21:30:57,182 DEBUG [Forwarding setTimeout on session 5229649e69032a725e016c064c347d59 to remote] wire:73 - http-outgoing-3 >> "Connection: Keep-Alive[\r][\n]"
2018-01-29 21:30:57,182 DEBUG [Forwarding setTimeout on session 5229649e69032a725e016c064c347d59 to remote] wire:73 - http-outgoing-3 >> "User-Agent: Apache-HttpClient/4.5.3 (Java/1.8.0_131)[\r][\n]"
2018-01-29 21:30:57,182 DEBUG [Forwarding setTimeout on session 5229649e69032a725e016c064c347d59 to remote] wire:73 - http-outgoing-3 >> "Accept-Encoding: gzip,deflate[\r][\n]"
2018-01-29 21:30:57,182 DEBUG [Forwarding setTimeout on session 5229649e69032a725e016c064c347d59 to remote] wire:73 - http-outgoing-3 >> "[\r][\n]"
2018-01-29 21:30:57,182 DEBUG [Forwarding setTimeout on session 5229649e69032a725e016c064c347d59 to remote] wire:87 - http-outgoing-3 >> "{"type":"page load","ms":10000}"
2018-01-29 21:30:57,182 DEBUG [Forwarding setTimeout on session 5229649e69032a725e016c064c347d59 to remote] wire:73 - http-outgoing-3 << "HTTP/1.1 200 OK[\r][\n]"
2018-01-29 21:30:57,183 DEBUG [Forwarding setTimeout on session 5229649e69032a725e016c064c347d59 to remote] wire:73 - http-outgoing-3 << "Content-Length:72[\r][\n]"
2018-01-29 21:30:57,183 DEBUG [Forwarding setTimeout on session 5229649e69032a725e016c064c347d59 to remote] wire:73 - http-outgoing-3 << "Content-Type:application/json; charset=utf-8[\r][\n]"
2018-01-29 21:30:57,183 DEBUG [Forwarding setTimeout on session 5229649e69032a725e016c064c347d59 to remote] wire:73 - http-outgoing-3 << "Connection:close[\r][\n]"
2018-01-29 21:30:57,183 DEBUG [Forwarding setTimeout on session 5229649e69032a725e016c064c347d59 to remote] wire:73 - http-outgoing-3 << "[\r][\n]"
2018-01-29 21:30:57,183 DEBUG [Forwarding setTimeout on session 5229649e69032a725e016c064c347d59 to remote] wire:87 - http-outgoing-3 << "{"sessionId":"5229649e69032a725e016c064c347d59","status":0,"value":null}"
2018-01-29 21:30:57,183 DEBUG [Forwarding setTimeout on session 5229649e69032a725e016c064c347d59 to remote] headers:122 - http-outgoing-3 << HTTP/1.1 200 OK
2018-01-29 21:30:57,183 DEBUG [Forwarding setTimeout on session 5229649e69032a725e016c064c347d59 to remote] headers:125 - http-outgoing-3 << Content-Length:72
2018-01-29 21:30:57,184 DEBUG [Forwarding setTimeout on session 5229649e69032a725e016c064c347d59 to remote] headers:125 - http-outgoing-3 << Content-Type:application/json; charset=utf-8
2018-01-29 21:30:57,184 DEBUG [Forwarding setTimeout on session 5229649e69032a725e016c064c347d59 to remote] headers:125 - http-outgoing-3 << Connection:close
2018-01-29 21:30:57,184 DEBUG [Forwarding setTimeout on session 5229649e69032a725e016c064c347d59 to remote] DefaultManagedHttpClientConnection:79 - http-outgoing-3: Close connection
2018-01-29 21:30:57,184 DEBUG [Forwarding setTimeout on session 5229649e69032a725e016c064c347d59 to remote] MainClientExec:104 - Connection discarded
2018-01-29 21:30:57,184 DEBUG [Forwarding setTimeout on session 5229649e69032a725e016c064c347d59 to remote] PoolingHttpClientConnectionManager:326 - Connection released: [id: 3][route: {}->http://localhost:44144][total kept alive: 0; route allocated: 0 of 2000; total allocated: 0 of 2000]
2018-01-29 21:30:57,185 DEBUG [Forwarding setTimeout on session 5229649e69032a725e016c064c347d59 to remote] RequestAddCookies:123 - CookieSpec selected: default
2018-01-29 21:30:57,186 DEBUG [Forwarding setTimeout on session 5229649e69032a725e016c064c347d59 to remote] RequestAuthCache:77 - Auth cache not set in the context
2018-01-29 21:30:57,186 DEBUG [Forwarding setTimeout on session 5229649e69032a725e016c064c347d59 to remote] PoolingHttpClientConnectionManager:255 - Connection request: [route: {}->http://localhost:44144][total kept alive: 0; route allocated: 0 of 2000; total allocated: 0 of 2000]
2018-01-29 21:30:57,186 DEBUG [Forwarding setTimeout on session 5229649e69032a725e016c064c347d59 to remote] PoolingHttpClientConnectionManager:288 - Connection leased: [id: 4][route: {}->http://localhost:44144][total kept alive: 0; route allocated: 1 of 2000; total allocated: 1 of 2000]
2018-01-29 21:30:57,186 DEBUG [Forwarding setTimeout on session 5229649e69032a725e016c064c347d59 to remote] MainClientExec:235 - Opening connection {}->http://localhost:44144
2018-01-29 21:30:57,186 DEBUG [Forwarding setTimeout on session 5229649e69032a725e016c064c347d59 to remote] DefaultHttpClientConnectionOperator:139 - Connecting to localhost/127.0.0.1:44144
2018-01-29 21:30:57,187 DEBUG [Forwarding setTimeout on session 5229649e69032a725e016c064c347d59 to remote] DefaultHttpClientConnectionOperator:146 - Connection established 127.0.0.1:50864<->127.0.0.1:44144
2018-01-29 21:30:57,187 DEBUG [Forwarding setTimeout on session 5229649e69032a725e016c064c347d59 to remote] DefaultManagedHttpClientConnection:88 - http-outgoing-4: set socket timeout to 10800000
2018-01-29 21:30:57,187 DEBUG [Forwarding setTimeout on session 5229649e69032a725e016c064c347d59 to remote] MainClientExec:256 - Executing request POST /session/5229649e69032a725e016c064c347d59/timeouts HTTP/1.1
2018-01-29 21:30:57,187 DEBUG [Forwarding setTimeout on session 5229649e69032a725e016c064c347d59 to remote] MainClientExec:261 - Target auth state: UNCHALLENGED
2018-01-29 21:30:57,187 DEBUG [Forwarding setTimeout on session 5229649e69032a725e016c064c347d59 to remote] MainClientExec:267 - Proxy auth state: UNCHALLENGED
2018-01-29 21:30:57,187 DEBUG [Forwarding setTimeout on session 5229649e69032a725e016c064c347d59 to remote] headers:133 - http-outgoing-4 >> POST /session/5229649e69032a725e016c064c347d59/timeouts HTTP/1.1
2018-01-29 21:30:57,187 DEBUG [Forwarding setTimeout on session 5229649e69032a725e016c064c347d59 to remote] headers:136 - http-outgoing-4 >> Content-Type: application/json; charset=utf-8
2018-01-29 21:30:57,187 DEBUG [Forwarding setTimeout on session 5229649e69032a725e016c064c347d59 to remote] headers:136 - http-outgoing-4 >> Content-Length: 30
2018-01-29 21:30:57,188 DEBUG [Forwarding setTimeout on session 5229649e69032a725e016c064c347d59 to remote] headers:136 - http-outgoing-4 >> Host: localhost:44144
2018-01-29 21:30:57,188 DEBUG [Forwarding setTimeout on session 5229649e69032a725e016c064c347d59 to remote] headers:136 - http-outgoing-4 >> Connection: Keep-Alive
2018-01-29 21:30:57,188 DEBUG [Forwarding setTimeout on session 5229649e69032a725e016c064c347d59 to remote] headers:136 - http-outgoing-4 >> User-Agent: Apache-HttpClient/4.5.3 (Java/1.8.0_131)
2018-01-29 21:30:57,188 DEBUG [Forwarding setTimeout on session 5229649e69032a725e016c064c347d59 to remote] headers:136 - http-outgoing-4 >> Accept-Encoding: gzip,deflate
2018-01-29 21:30:57,188 DEBUG [Forwarding setTimeout on session 5229649e69032a725e016c064c347d59 to remote] wire:73 - http-outgoing-4 >> "POST /session/5229649e69032a725e016c064c347d59/timeouts HTTP/1.1[\r][\n]"
2018-01-29 21:30:57,188 DEBUG [Forwarding setTimeout on session 5229649e69032a725e016c064c347d59 to remote] wire:73 - http-outgoing-4 >> "Content-Type: application/json; charset=utf-8[\r][\n]"
2018-01-29 21:30:57,188 DEBUG [Forwarding setTimeout on session 5229649e69032a725e016c064c347d59 to remote] wire:73 - http-outgoing-4 >> "Content-Length: 30[\r][\n]"
2018-01-29 21:30:57,188 DEBUG [Forwarding setTimeout on session 5229649e69032a725e016c064c347d59 to remote] wire:73 - http-outgoing-4 >> "Host: localhost:44144[\r][\n]"
2018-01-29 21:30:57,189 DEBUG [Forwarding setTimeout on session 5229649e69032a725e016c064c347d59 to remote] wire:73 - http-outgoing-4 >> "Connection: Keep-Alive[\r][\n]"
2018-01-29 21:30:57,189 DEBUG [Forwarding setTimeout on session 5229649e69032a725e016c064c347d59 to remote] wire:73 - http-outgoing-4 >> "User-Agent: Apache-HttpClient/4.5.3 (Java/1.8.0_131)[\r][\n]"
2018-01-29 21:30:57,189 DEBUG [Forwarding setTimeout on session 5229649e69032a725e016c064c347d59 to remote] wire:73 - http-outgoing-4 >> "Accept-Encoding: gzip,deflate[\r][\n]"
2018-01-29 21:30:57,189 DEBUG [Forwarding setTimeout on session 5229649e69032a725e016c064c347d59 to remote] wire:73 - http-outgoing-4 >> "[\r][\n]"
2018-01-29 21:30:57,189 DEBUG [Forwarding setTimeout on session 5229649e69032a725e016c064c347d59 to remote] wire:87 - http-outgoing-4 >> "{"type":"implicit","ms":20000}"
2018-01-29 21:30:57,190 DEBUG [Forwarding setTimeout on session 5229649e69032a725e016c064c347d59 to remote] wire:73 - http-outgoing-4 << "HTTP/1.1 200 OK[\r][\n]"
2018-01-29 21:30:57,190 DEBUG [Forwarding setTimeout on session 5229649e69032a725e016c064c347d59 to remote] wire:73 - http-outgoing-4 << "Content-Length:72[\r][\n]"
2018-01-29 21:30:57,190 DEBUG [Forwarding setTimeout on session 5229649e69032a725e016c064c347d59 to remote] wire:73 - http-outgoing-4 << "Content-Type:application/json; charset=utf-8[\r][\n]"
2018-01-29 21:30:57,190 DEBUG [Forwarding setTimeout on session 5229649e69032a725e016c064c347d59 to remote] wire:73 - http-outgoing-4 << "Connection:close[\r][\n]"
2018-01-29 21:30:57,190 DEBUG [Forwarding setTimeout on session 5229649e69032a725e016c064c347d59 to remote] wire:73 - http-outgoing-4 << "[\r][\n]"
2018-01-29 21:30:57,190 DEBUG [Forwarding setTimeout on session 5229649e69032a725e016c064c347d59 to remote] wire:87 - http-outgoing-4 << "{"sessionId":"5229649e69032a725e016c064c347d59","status":0,"value":null}"
2018-01-29 21:30:57,191 DEBUG [Forwarding setTimeout on session 5229649e69032a725e016c064c347d59 to remote] headers:122 - http-outgoing-4 << HTTP/1.1 200 OK
2018-01-29 21:30:57,191 DEBUG [Forwarding setTimeout on session 5229649e69032a725e016c064c347d59 to remote] headers:125 - http-outgoing-4 << Content-Length:72
2018-01-29 21:30:57,191 DEBUG [Forwarding setTimeout on session 5229649e69032a725e016c064c347d59 to remote] headers:125 - http-outgoing-4 << Content-Type:application/json; charset=utf-8
2018-01-29 21:30:57,191 DEBUG [Forwarding setTimeout on session 5229649e69032a725e016c064c347d59 to remote] headers:125 - http-outgoing-4 << Connection:close
2018-01-29 21:30:57,191 DEBUG [Forwarding setTimeout on session 5229649e69032a725e016c064c347d59 to remote] DefaultManagedHttpClientConnection:79 - http-outgoing-4: Close connection
2018-01-29 21:30:57,191 DEBUG [Forwarding setTimeout on session 5229649e69032a725e016c064c347d59 to remote] MainClientExec:104 - Connection discarded
2018-01-29 21:30:57,191 DEBUG [Forwarding setTimeout on session 5229649e69032a725e016c064c347d59 to remote] PoolingHttpClientConnectionManager:326 - Connection released: [id: 4][route: {}->http://localhost:44144][total kept alive: 0; route allocated: 0 of 2000; total allocated: 0 of 2000]
2018-01-29 21:30:57,192 DEBUG [Forwarding get on session 5229649e69032a725e016c064c347d59 to remote] RequestAddCookies:123 - CookieSpec selected: default
2018-01-29 21:30:57,192 DEBUG [Forwarding get on session 5229649e69032a725e016c064c347d59 to remote] RequestAuthCache:77 - Auth cache not set in the context
2018-01-29 21:30:57,193 DEBUG [Forwarding get on session 5229649e69032a725e016c064c347d59 to remote] PoolingHttpClientConnectionManager:255 - Connection request: [route: {}->http://localhost:44144][total kept alive: 0; route allocated: 0 of 2000; total allocated: 0 of 2000]
2018-01-29 21:30:57,193 DEBUG [Forwarding get on session 5229649e69032a725e016c064c347d59 to remote] PoolingHttpClientConnectionManager:288 - Connection leased: [id: 5][route: {}->http://localhost:44144][total kept alive: 0; route allocated: 1 of 2000; total allocated: 1 of 2000]
2018-01-29 21:30:57,193 DEBUG [Forwarding get on session 5229649e69032a725e016c064c347d59 to remote] MainClientExec:235 - Opening connection {}->http://localhost:44144
2018-01-29 21:30:57,193 DEBUG [Forwarding get on session 5229649e69032a725e016c064c347d59 to remote] DefaultHttpClientConnectionOperator:139 - Connecting to localhost/127.0.0.1:44144
2018-01-29 21:30:57,193 DEBUG [Forwarding get on session 5229649e69032a725e016c064c347d59 to remote] DefaultHttpClientConnectionOperator:146 - Connection established 127.0.0.1:50865<->127.0.0.1:44144
2018-01-29 21:30:57,193 DEBUG [Forwarding get on session 5229649e69032a725e016c064c347d59 to remote] DefaultManagedHttpClientConnection:88 - http-outgoing-5: set socket timeout to 10800000
2018-01-29 21:30:57,194 DEBUG [Forwarding get on session 5229649e69032a725e016c064c347d59 to remote] MainClientExec:256 - Executing request POST /session/5229649e69032a725e016c064c347d59/url HTTP/1.1
2018-01-29 21:30:57,194 DEBUG [Forwarding get on session 5229649e69032a725e016c064c347d59 to remote] MainClientExec:261 - Target auth state: UNCHALLENGED
2018-01-29 21:30:57,194 DEBUG [Forwarding get on session 5229649e69032a725e016c064c347d59 to remote] MainClientExec:267 - Proxy auth state: UNCHALLENGED
2018-01-29 21:30:57,194 DEBUG [Forwarding get on session 5229649e69032a725e016c064c347d59 to remote] headers:133 - http-outgoing-5 >> POST /session/5229649e69032a725e016c064c347d59/url HTTP/1.1
2018-01-29 21:30:57,194 DEBUG [Forwarding get on session 5229649e69032a725e016c064c347d59 to remote] headers:136 - http-outgoing-5 >> Content-Type: application/json; charset=utf-8
2018-01-29 21:30:57,194 DEBUG [Forwarding get on session 5229649e69032a725e016c064c347d59 to remote] headers:136 - http-outgoing-5 >> Content-Length: 28
2018-01-29 21:30:57,194 DEBUG [Forwarding get on session 5229649e69032a725e016c064c347d59 to remote] headers:136 - http-outgoing-5 >> Host: localhost:44144
2018-01-29 21:30:57,194 DEBUG [Forwarding get on session 5229649e69032a725e016c064c347d59 to remote] headers:136 - http-outgoing-5 >> Connection: Keep-Alive
2018-01-29 21:30:57,194 DEBUG [Forwarding get on session 5229649e69032a725e016c064c347d59 to remote] headers:136 - http-outgoing-5 >> User-Agent: Apache-HttpClient/4.5.3 (Java/1.8.0_131)
2018-01-29 21:30:57,195 DEBUG [Forwarding get on session 5229649e69032a725e016c064c347d59 to remote] headers:136 - http-outgoing-5 >> Accept-Encoding: gzip,deflate
2018-01-29 21:30:57,195 DEBUG [Forwarding get on session 5229649e69032a725e016c064c347d59 to remote] wire:73 - http-outgoing-5 >> "POST /session/5229649e69032a725e016c064c347d59/url HTTP/1.1[\r][\n]"
2018-01-29 21:30:57,195 DEBUG [Forwarding get on session 5229649e69032a725e016c064c347d59 to remote] wire:73 - http-outgoing-5 >> "Content-Type: application/json; charset=utf-8[\r][\n]"
2018-01-29 21:30:57,195 DEBUG [Forwarding get on session 5229649e69032a725e016c064c347d59 to remote] wire:73 - http-outgoing-5 >> "Content-Length: 28[\r][\n]"
2018-01-29 21:30:57,195 DEBUG [Forwarding get on session 5229649e69032a725e016c064c347d59 to remote] wire:73 - http-outgoing-5 >> "Host: localhost:44144[\r][\n]"
2018-01-29 21:30:57,195 DEBUG [Forwarding get on session 5229649e69032a725e016c064c347d59 to remote] wire:73 - http-outgoing-5 >> "Connection: Keep-Alive[\r][\n]"
2018-01-29 21:30:57,195 DEBUG [Forwarding get on session 5229649e69032a725e016c064c347d59 to remote] wire:73 - http-outgoing-5 >> "User-Agent: Apache-HttpClient/4.5.3 (Java/1.8.0_131)[\r][\n]"
2018-01-29 21:30:57,195 DEBUG [Forwarding get on session 5229649e69032a725e016c064c347d59 to remote] wire:73 - http-outgoing-5 >> "Accept-Encoding: gzip,deflate[\r][\n]"
2018-01-29 21:30:57,195 DEBUG [Forwarding get on session 5229649e69032a725e016c064c347d59 to remote] wire:73 - http-outgoing-5 >> "[\r][\n]"
2018-01-29 21:30:57,196 DEBUG [Forwarding get on session 5229649e69032a725e016c064c347d59 to remote] wire:87 - http-outgoing-5 >> "{"url":"http://freecrm.com"}"
